<?xml version="1.0" encoding="UTF-8"?>
<testsuite name="models.HeroTest" tests="1" skipped="0" failures="0" errors="0" timestamp="2022-05-02T16:22:01" hostname="violet-HP-EliteBook-840-G3" time="0.025">
  <properties/>
  <testcase name="newHerogetAll_true()" classname="models.HeroTest" time="0.025"/>
  <system-out><![CDATA[]]></system-out>
  <system-err><![CDATA[]]></system-err>
</testsuite>
